[debug] [2025-02-17T19:49:35.482Z] ----------------------------------------------------------------------
[debug] [2025-02-17T19:49:35.484Z] Command:       /Users/joeyhong/.nvm/versions/node/v22.13.1/bin/node /Users/joeyhong/.nvm/versions/node/v22.13.1/bin/firebase init
[debug] [2025-02-17T19:49:35.484Z] CLI Version:   13.30.0
[debug] [2025-02-17T19:49:35.484Z] Platform:      darwin
[debug] [2025-02-17T19:49:35.484Z] Node Version:  v22.13.1
[debug] [2025-02-17T19:49:35.484Z] Time:          Mon Feb 17 2025 14:49:35 GMT-0500 (Eastern Standard Time)
[debug] [2025-02-17T19:49:35.484Z] ----------------------------------------------------------------------
[debug] 
[debug] [2025-02-17T19:49:35.488Z] > command requires scopes: ["email","openid","https://www.googleapis.com/auth/cloudplatformprojects.readonly","https://www.googleapis.com/auth/firebase","https://www.googleapis.com/auth/cloud-platform"]
[debug] [2025-02-17T19:49:35.488Z] > authorizing via signed-in user (joey.hong2603@gmail.com)
[info] 
     ######## #### ########  ######## ########     ###     ######  ########
     ##        ##  ##     ## ##       ##     ##  ##   ##  ##       ##
     ######    ##  ########  ######   ########  #########  ######  ######
     ##        ##  ##    ##  ##       ##     ## ##     ##       ## ##
     ##       #### ##     ## ######## ########  ##     ##  ######  ########

You're about to initialize a Firebase project in this directory:

  /Users/joeyhong/Desktop/School/Sixth Semester/cmpsc 263/project-1/Loose

[info] 
=== Project Setup
[info] 
[info] First, let's associate this project directory with a Firebase project.
[info] You can create multiple project aliases by running firebase use --add, 
[info] but for now we'll just set up a default project.
[info] 
[debug] [2025-02-17T19:50:13.450Z] Checked if tokens are valid: false, expires at: 1739206683440
[debug] [2025-02-17T19:50:13.451Z] Checked if tokens are valid: false, expires at: 1739206683440
[debug] [2025-02-17T19:50:13.454Z] > refreshing access token with scopes: []
[debug] [2025-02-17T19:50:13.457Z] >>> [apiv2][query] POST https://www.googleapis.com/oauth2/v3/token [none]
[debug] [2025-02-17T19:50:13.458Z] >>> [apiv2][body] POST https://www.googleapis.com/oauth2/v3/token [omitted]
[debug] [2025-02-17T19:50:13.645Z] <<< [apiv2][status] POST https://www.googleapis.com/oauth2/v3/token 200
[debug] [2025-02-17T19:50:13.645Z] <<< [apiv2][body] POST https://www.googleapis.com/oauth2/v3/token [omitted]
[debug] [2025-02-17T19:50:13.671Z] >>> [apiv2][query] GET https://firebase.googleapis.com/v1beta1/projects pageSize=100
[debug] [2025-02-17T19:50:14.269Z] <<< [apiv2][status] GET https://firebase.googleapis.com/v1beta1/projects 200
[debug] [2025-02-17T19:50:14.270Z] <<< [apiv2][body] GET https://firebase.googleapis.com/v1beta1/projects [omitted]
[info] i  Using project loose-8a2d8 (Loose) 
[info] 
=== Dataconnect Setup
[debug] [2025-02-17T19:50:16.149Z] Checked if tokens are valid: true, expires at: 1739825412645
[debug] [2025-02-17T19:50:16.149Z] Checked if tokens are valid: true, expires at: 1739825412645
[debug] [2025-02-17T19:50:16.149Z] >>> [apiv2][query] GET https://cloudbilling.googleapis.com/v1/projects/loose-8a2d8/billingInfo [none]
[debug] [2025-02-17T19:50:16.671Z] <<< [apiv2][status] GET https://cloudbilling.googleapis.com/v1/projects/loose-8a2d8/billingInfo 200
[debug] [2025-02-17T19:50:16.672Z] <<< [apiv2][body] GET https://cloudbilling.googleapis.com/v1/projects/loose-8a2d8/billingInfo {"name":"projects/loose-8a2d8/billingInfo","projectId":"loose-8a2d8","billingAccountName":"","billingEnabled":false}
[info] i  dataconnect: ensuring required API sqladmin.googleapis.com is enabled... 
[debug] [2025-02-17T19:50:16.673Z] Checked if tokens are valid: true, expires at: 1739825412645
[debug] [2025-02-17T19:50:16.673Z] Checked if tokens are valid: true, expires at: 1739825412645
[debug] [2025-02-17T19:50:16.673Z] >>> [apiv2][query] GET https://serviceusage.googleapis.com/v1/projects/loose-8a2d8/services/sqladmin.googleapis.com [none]
[debug] [2025-02-17T19:50:16.673Z] >>> [apiv2][(partial)header] GET https://serviceusage.googleapis.com/v1/projects/loose-8a2d8/services/sqladmin.googleapis.com x-goog-quota-user=projects/loose-8a2d8
[debug] [2025-02-17T19:50:17.372Z] <<< [apiv2][status] GET https://serviceusage.googleapis.com/v1/projects/loose-8a2d8/services/sqladmin.googleapis.com 200
[debug] [2025-02-17T19:50:17.372Z] <<< [apiv2][body] GET https://serviceusage.googleapis.com/v1/projects/loose-8a2d8/services/sqladmin.googleapis.com [omitted]
[info] ✔  dataconnect: required API sqladmin.googleapis.com is enabled 
[info] ✔  Wrote dataconnect/dataconnect.yaml 
[info] ✔  Wrote dataconnect/schema/schema.gql 
[info] ✔  Wrote dataconnect/connector/connector.yaml 
[info] ✔  Wrote dataconnect/connector/queries.gql 
[info] ✔  Wrote dataconnect/connector/mutations.gql 
[info] ✔  Detected WEB app in directory /Users/joeyhong/Desktop/School/Sixth Semester/cmpsc 263/project-1/Loose 
[info] i  Wrote new config to /Users/joeyhong/Desktop/School/Sixth Semester/cmpsc 263/project-1/Loose/dataconnect/connector/connector.yaml 
[info] I0217 14:51:02.677206   81654 codegen.go:82] [connector "default" javascriptSdk] Generating sources into "/Users/joeyhong/Desktop/School/Sixth Semester/cmpsc 263/project-1/Loose/dataconnect-generated/js/default-connector"
I0217 14:51:02.687548   81654 generate.go:40] Generated all sources. Writing them to disk...
I0217 14:51:02.688935   81654 collector.go:107] connector "default" javascriptSdk wrote into "/Users/joeyhong/Desktop/School/Sixth Semester/cmpsc 263/project-1/Loose/dataconnect-generated/js/default-connector"
Generated sources: index.cjs.js [205B] package.json [634B] README.md [2740B] index.d.ts [261B] esm/index.esm.js [164B] esm/package.json [17B] 
I0217 14:51:02.691330   81654 installsdk.go:76] Running command: /Users/joeyhong/.nvm/versions/node/v22.13.1/bin/npm install file:dataconnect-generated/js/default-connector

[debug] [2025-02-17T19:51:04.376Z] Error: write EIO
    at afterWriteDispatched (node:internal/stream_base_commons:159:15)
    at writeGeneric (node:internal/stream_base_commons:150:3)
    at Socket._writeGeneric (node:net:971:11)
    at Socket._write (node:net:983:8)
    at writeOrBuffer (node:internal/streams/writable:572:12)
    at _write (node:internal/streams/writable:501:10)
    at Writable.write (node:internal/streams/writable:510:10)
    at Console.log (/Users/joeyhong/.nvm/versions/node/v22.13.1/lib/node_modules/firebase-tools/node_modules/winston/lib/winston/transports/console.js:87:23)
    at Console._write (/Users/joeyhong/.nvm/versions/node/v22.13.1/lib/node_modules/firebase-tools/node_modules/winston-transport/modern.js:103:17)
    at doWrite (/Users/joeyhong/.nvm/versions/node/v22.13.1/lib/node_modules/firebase-tools/node_modules/winston-transport/node_modules/readable-stream/lib/_stream_writable.js:390:139)
[error] 
[error] Error: An unexpected error has occurred.
[debug] [2025-02-17T19:51:04.376Z] Error: write EIO
    at afterWriteDispatched (node:internal/stream_base_commons:159:15)
    at writeGeneric (node:internal/stream_base_commons:150:3)
    at Socket._writeGeneric (node:net:971:11)
    at Socket._write (node:net:983:8)
    at writeOrBuffer (node:internal/streams/writable:572:12)
    at _write (node:internal/streams/writable:501:10)
    at Writable.write (node:internal/streams/writable:510:10)
    at Console.log (/Users/joeyhong/.nvm/versions/node/v22.13.1/lib/node_modules/firebase-tools/node_modules/winston/lib/winston/transports/console.js:87:23)
    at Console._write (/Users/joeyhong/.nvm/versions/node/v22.13.1/lib/node_modules/firebase-tools/node_modules/winston-transport/modern.js:103:17)
    at doWrite (/Users/joeyhong/.nvm/versions/node/v22.13.1/lib/node_modules/firebase-tools/node_modules/winston-transport/node_modules/readable-stream/lib/_stream_writable.js:390:139)
[error] 
[error] Error: An unexpected error has occurred.
[debug] [2025-02-17T19:51:04.376Z] Error: write EIO
    at afterWriteDispatched (node:internal/stream_base_commons:159:15)
    at writeGeneric (node:internal/stream_base_commons:150:3)
    at Socket._writeGeneric (node:net:971:11)
    at Socket._write (node:net:983:8)
    at writeOrBuffer (node:internal/streams/writable:572:12)
    at _write (node:internal/streams/writable:501:10)
    at Writable.write (node:internal/streams/writable:510:10)
    at Console.log (/Users/joeyhong/.nvm/versions/node/v22.13.1/lib/node_modules/firebase-tools/node_modules/winston/lib/winston/transports/console.js:87:23)
    at Console._write (/Users/joeyhong/.nvm/versions/node/v22.13.1/lib/node_modules/firebase-tools/node_modules/winston-transport/modern.js:103:17)
    at doWrite (/Users/joeyhong/.nvm/versions/node/v22.13.1/lib/node_modules/firebase-tools/node_modules/winston-transport/node_modules/readable-stream/lib/_stream_writable.js:390:139)
[error] 
[error] Error: An unexpected error has occurred.
[debug] [2025-02-17T19:51:04.377Z] Error: write EIO
    at afterWriteDispatched (node:internal/stream_base_commons:159:15)
    at writeGeneric (node:internal/stream_base_commons:150:3)
    at Socket._writeGeneric (node:net:971:11)
    at Socket._write (node:net:983:8)
    at writeOrBuffer (node:internal/streams/writable:572:12)
    at _write (node:internal/streams/writable:501:10)
    at Writable.write (node:internal/streams/writable:510:10)
    at Console.log (/Users/joeyhong/.nvm/versions/node/v22.13.1/lib/node_modules/firebase-tools/node_modules/winston/lib/winston/transports/console.js:87:23)
    at Console._write (/Users/joeyhong/.nvm/versions/node/v22.13.1/lib/node_modules/firebase-tools/node_modules/winston-transport/modern.js:103:17)
    at doWrite (/Users/joeyhong/.nvm/versions/node/v22.13.1/lib/node_modules/firebase-tools/node_modules/winston-transport/node_modules/readable-stream/lib/_stream_writable.js:390:139)
[error] 
[error] Error: An unexpected error has occurred.
[debug] [2025-02-17T19:51:04.377Z] Error: write EIO
    at afterWriteDispatched (node:internal/stream_base_commons:159:15)
    at writeGeneric (node:internal/stream_base_commons:150:3)
    at Socket._writeGeneric (node:net:971:11)
    at Socket._write (node:net:983:8)
    at writeOrBuffer (node:internal/streams/writable:572:12)
    at _write (node:internal/streams/writable:501:10)
    at Writable.write (node:internal/streams/writable:510:10)
    at Console.log (/Users/joeyhong/.nvm/versions/node/v22.13.1/lib/node_modules/firebase-tools/node_modules/winston/lib/winston/transports/console.js:87:23)
    at Console._write (/Users/joeyhong/.nvm/versions/node/v22.13.1/lib/node_modules/firebase-tools/node_modules/winston-transport/modern.js:103:17)
    at doWrite (/Users/joeyhong/.nvm/versions/node/v22.13.1/lib/node_modules/firebase-tools/node_modules/winston-transport/node_modules/readable-stream/lib/_stream_writable.js:390:139)
[error] 
[error] Error: An unexpected error has occurred.
[debug] [2025-02-17T19:51:04.377Z] Error: write EIO
    at afterWriteDispatched (node:internal/stream_base_commons:159:15)
    at writeGeneric (node:internal/stream_base_commons:150:3)
    at Socket._writeGeneric (node:net:971:11)
    at Socket._write (node:net:983:8)
    at writeOrBuffer (node:internal/streams/writable:572:12)
    at _write (node:internal/streams/writable:501:10)
    at Writable.write (node:internal/streams/writable:510:10)
    at Console.log (/Users/joeyhong/.nvm/versions/node/v22.13.1/lib/node_modules/firebase-tools/node_modules/winston/lib/winston/transports/console.js:87:23)
    at Console._write (/Users/joeyhong/.nvm/versions/node/v22.13.1/lib/node_modules/firebase-tools/node_modules/winston-transport/modern.js:103:17)
    at doWrite (/Users/joeyhong/.nvm/versions/node/v22.13.1/lib/node_modules/firebase-tools/node_modules/winston-transport/node_modules/readable-stream/lib/_stream_writable.js:390:139)
[error] 
[error] Error: An unexpected error has occurred.
[debug] [2025-02-17T19:51:04.377Z] Error: write EIO
    at afterWriteDispatched (node:internal/stream_base_commons:159:15)
    at writeGeneric (node:internal/stream_base_commons:150:3)
    at Socket._writeGeneric (node:net:971:11)
    at Socket._write (node:net:983:8)
    at writeOrBuffer (node:internal/streams/writable:572:12)
    at _write (node:internal/streams/writable:501:10)
    at Writable.write (node:internal/streams/writable:510:10)
    at Console.log (/Users/joeyhong/.nvm/versions/node/v22.13.1/lib/node_modules/firebase-tools/node_modules/winston/lib/winston/transports/console.js:87:23)
    at Console._write (/Users/joeyhong/.nvm/versions/node/v22.13.1/lib/node_modules/firebase-tools/node_modules/winston-transport/modern.js:103:17)
    at doWrite (/Users/joeyhong/.nvm/versions/node/v22.13.1/lib/node_modules/firebase-tools/node_modules/winston-transport/node_modules/readable-stream/lib/_stream_writable.js:390:139)
[error] 
[error] Error: An unexpected error has occurred.
[debug] [2025-02-17T19:51:04.377Z] Error: write EIO
    at afterWriteDispatched (node:internal/stream_base_commons:159:15)
    at writeGeneric (node:internal/stream_base_commons:150:3)
    at Socket._writeGeneric (node:net:971:11)
    at Socket._write (node:net:983:8)
    at writeOrBuffer (node:internal/streams/writable:572:12)
    at _write (node:internal/streams/writable:501:10)
    at Writable.write (node:internal/streams/writable:510:10)
    at Console.log (/Users/joeyhong/.nvm/versions/node/v22.13.1/lib/node_modules/firebase-tools/node_modules/winston/lib/winston/transports/console.js:87:23)
    at Console._write (/Users/joeyhong/.nvm/versions/node/v22.13.1/lib/node_modules/firebase-tools/node_modules/winston-transport/modern.js:103:17)
    at doWrite (/Users/joeyhong/.nvm/versions/node/v22.13.1/lib/node_modules/firebase-tools/node_modules/winston-transport/node_modules/readable-stream/lib/_stream_writable.js:390:139)
[error] 
[error] Error: An unexpected error has occurred.
[debug] [2025-02-17T19:51:04.378Z] Error: write EIO
    at afterWriteDispatched (node:internal/stream_base_commons:159:15)
    at writeGeneric (node:internal/stream_base_commons:150:3)
    at Socket._writeGeneric (node:net:971:11)
    at Socket._write (node:net:983:8)
    at writeOrBuffer (node:internal/streams/writable:572:12)
    at _write (node:internal/streams/writable:501:10)
    at Writable.write (node:internal/streams/writable:510:10)
    at Console.log (/Users/joeyhong/.nvm/versions/node/v22.13.1/lib/node_modules/firebase-tools/node_modules/winston/lib/winston/transports/console.js:87:23)
    at Console._write (/Users/joeyhong/.nvm/versions/node/v22.13.1/lib/node_modules/firebase-tools/node_modules/winston-transport/modern.js:103:17)
    at doWrite (/Users/joeyhong/.nvm/versions/node/v22.13.1/lib/node_modules/firebase-tools/node_modules/winston-transport/node_modules/readable-stream/lib/_stream_writable.js:390:139)
[error] 
[error] Error: An unexpected error has occurred.
[debug] [2025-02-17T19:51:04.378Z] Error: write EIO
    at afterWriteDispatched (node:internal/stream_base_commons:159:15)
    at writeGeneric (node:internal/stream_base_commons:150:3)
    at Socket._writeGeneric (node:net:971:11)
    at Socket._write (node:net:983:8)
    at writeOrBuffer (node:internal/streams/writable:572:12)
    at _write (node:internal/streams/writable:501:10)
    at Writable.write (node:internal/streams/writable:510:10)
    at Console.log (/Users/joeyhong/.nvm/versions/node/v22.13.1/lib/node_modules/firebase-tools/node_modules/winston/lib/winston/transports/console.js:87:23)
    at Console._write (/Users/joeyhong/.nvm/versions/node/v22.13.1/lib/node_modules/firebase-tools/node_modules/winston-transport/modern.js:103:17)
    at doWrite (/Users/joeyhong/.nvm/versions/node/v22.13.1/lib/node_modules/firebase-tools/node_modules/winston-transport/node_modules/readable-stream/lib/_stream_writable.js:390:139)
[error] 
[error] Error: An unexpected error has occurred.
